0000000000000000 T __code_start
0000000000000000 A __start__
0000000000000000 T _start
0000000000000000 b _TLS_MODULE_BASE_
0000000000000000 0000000000000004 b fsdev_last_result
0000000000000004 0000000000000004 b g_fsPriority
0000000000000008 0000000000000401 B __nx_dev_path_buf
0000000000000108 T __nx_exit
0000000000000118 T __nx_mod0
0000000000000140 0000000000000034 T exit
0000000000000180 0000000000000298 T main
0000000000000420 t __do_global_dtors_aux
0000000000000470 t frame_dummy
00000000000004a0 000000000000003c T printTitle
00000000000004e0 0000000000000024 t _appletInfiniteSleepLoop
0000000000000510 0000000000000108 t _appletCmdGetSession
0000000000000620 00000000000000cc t _appletCmdInU8NoOut
00000000000006f0 0000000000000104 t _appletGetLaunchReason
0000000000000800 00000000000000e4 t _appletSetFocusHandlingMode
00000000000008f0 00000000000000cc t _appletCmdInU32NoOut
00000000000009c0 0000000000000138 t _appletGetSessionProxy.constprop.0
0000000000000b00 0000000000000154 t _appletOpenLibraryAppletProxy.constprop.0
0000000000000c60 00000000000000d0 t _appletCmdGetHandle.constprop.0.isra.0
0000000000000d30 00000000000000d4 t _appletCmdNoInOutU8.isra.0
0000000000000e10 00000000000000d4 t _appletCmdNoInOutU32.isra.0
0000000000000ef0 00000000000000d4 t _appletCmdNoInOutU64.isra.0
0000000000000fd0 00000000000000c0 t _appletCmdNoIO.isra.0
0000000000001090 0000000000000010 T appletGetAppletType
00000000000010a0 0000000000000114 T appletSetFocusHandlingMode
00000000000011c0 000000000000005c T appletSetCpuBoostMode
0000000000001220 000000000000002c T appletCreateManagedDisplayLayer
0000000000001250 000000000000000c T appletGetAppletResourceUserId
0000000000001260 00000000000000f4 t _appletGetIndirectLayerConsumerHandle
0000000000001360 0000000000000088 t _appletHolderCreateState
00000000000013f0 00000000000000ac T appletHolderClose
00000000000014a0 0000000000000024 T appletHolderGetLibraryAppletInfo
00000000000014d0 0000000000000090 T appletNotifyRunning
0000000000001560 000000000000008c T appletSetGamePlayRecordingState
00000000000015f0 0000000000000ad4 t _appletCleanup
00000000000020d0 0000000000000044 T appletExit
0000000000002120 0000000000000040 T appletGetLibraryAppletInfo
0000000000002160 0000000000000a94 T appletInitialize
0000000000002c00 0000000000000024 t _appletExitProcess
0000000000002c30 0000000000000074 T appletGetMessage
0000000000002cb0 000000000000028c T appletProcessMessage
0000000000002f40 0000000000000034 T appletMainLoop
0000000000002f80 0000000000000014 T hosversionGet
0000000000002fa0 0000000000000010 T hosversionSet
0000000000002fb0 0000000000000208 T envSetup
00000000000031c0 0000000000000020 T envGetMainThreadHandle
00000000000031e0 000000000000000c T envIsNso
00000000000031f0 0000000000000014 T envHasHeapOverride
0000000000003210 000000000000000c T envGetHeapOverrideAddr
0000000000003220 000000000000000c T envGetHeapOverrideSize
0000000000003230 0000000000000014 T envHasArgv
0000000000003250 000000000000000c T envGetArgv
0000000000003260 000000000000000c T envGetExitFuncPtr
0000000000003270 000000000000000c T envSetExitFuncPtr
0000000000003280 000000000000000c T envHasRandomSeed
0000000000003290 0000000000000010 T envGetRandomSeed
00000000000032a0 000000000000005c t _padUpdateWithCommonState
0000000000003300 000000000000009c T padConfigureInput
00000000000033a0 0000000000000024 T padInitializeWithMask
00000000000033d0 0000000000000240 T padUpdate
0000000000003610 000000000000001c W diagAbortWithResult
0000000000003630 0000000000000048 t consoleDrawChar
0000000000003680 000000000000020c t parseColor
0000000000003890 00000000000000b0 t consoleNewRow
0000000000003940 0000000000000c98 t con_write
00000000000045e0 0000000000000154 T consoleInit
0000000000004740 0000000000000048 T consoleExit
0000000000004790 000000000000002c T consoleUpdate
00000000000047c0 00000000000001c8 t ConsoleSwRenderer_drawChar
0000000000004990 00000000000000f8 t ConsoleSwRenderer_init
0000000000004a90 0000000000000070 t ConsoleSwRenderer_flushAndSwap
0000000000004b00 00000000000000d0 t ConsoleSwRenderer_scrollWindow
0000000000004bd0 000000000000004c t ConsoleSwRenderer_deinit
0000000000004c20 000000000000000c W getDefaultConsoleRenderer
0000000000004c2c T svcSetHeapSize
0000000000004c40 T svcSetMemoryAttribute
0000000000004c48 T svcUnmapMemory
0000000000004c50 T svcQueryMemory
0000000000004c64 T svcExitProcess
0000000000004c6c T svcSleepThread
0000000000004c74 T svcMapSharedMemory
0000000000004c7c T svcUnmapSharedMemory
0000000000004c84 T svcCreateTransferMemory
0000000000004c98 T svcCloseHandle
0000000000004ca0 T svcResetSignal
0000000000004ca8 T svcWaitSynchronization
0000000000004cbc T svcArbitrateLock
0000000000004cc4 T svcArbitrateUnlock
0000000000004ccc T svcWaitProcessWideKeyAtomic
0000000000004cd4 T svcSignalProcessWideKey
0000000000004cdc T svcGetSystemTick
0000000000004ce4 T svcConnectToNamedPort
0000000000004cf8 T svcSendSyncRequest
0000000000004d00 T svcBreak
0000000000004d08 T svcReturnFromException
0000000000004d10 T svcGetInfo
0000000000004d24 T svcUnmapTransferMemory
0000000000004d30 00000000000000a8 T tmemCreate
0000000000004de0 0000000000000034 T tmemUnmap
0000000000004e20 0000000000000038 T tmemCloseHandle
0000000000004e60 00000000000000f0 T tmemWaitForPermission
0000000000004f50 0000000000000054 T tmemClose
0000000000004fb0 0000000000000524 T waitObjects
00000000000054e0 0000000000000080 T mutexLock
0000000000005560 0000000000000068 T mutexUnlock
00000000000055d0 000000000000001c T mutexIsLockedByCurrentThread
00000000000055f0 000000000000004c T rmutexLock
0000000000005640 000000000000001c T rmutexUnlock
0000000000005660 0000000000000064 t _memregionInitWithInfo
00000000000056d0 0000000000000004 W __libnx_virtmem_rng
00000000000056e0 000000000000016c t _memregionFindRandom
0000000000005850 0000000000000120 T virtmemSetup
0000000000005970 000000000000000c T virtmemLock
0000000000005980 000000000000000c T virtmemUnlock
0000000000005990 0000000000000050 T virtmemFindAslr
00000000000059e0 000000000000000c T eventLoadRemote
00000000000059f0 0000000000000038 T eventWait
0000000000005a30 0000000000000050 T eventClose
0000000000005a80 00000000000003d4 T randomGet
0000000000005e60 0000000000000020 T randomGet64
0000000000005e80 00000000000000c0 t _apmCleanup
0000000000005f40 00000000000000fc t _apmCmdGetSession.constprop.0
0000000000006040 00000000000000a0 T apmInitialize
00000000000060e0 0000000000000044 T apmExit
0000000000006130 00000000000000c8 T apmSetPerformanceConfiguration
0000000000006200 00000000000000d0 t _smCmifCmdInPid
00000000000062d0 0000000000000068 t _smCleanup
0000000000006340 0000000000000048 T smAddOverrideHandle
0000000000006390 0000000000000054 T smGetServiceOverride
00000000000063f0 00000000000001c0 T smInitialize
00000000000065b0 0000000000000044 T smExit
0000000000006600 00000000000000d0 T smGetServiceOriginal
00000000000066d0 0000000000000120 T smGetServiceWrapper
00000000000067f0 0000000000000108 t _hidCleanup
0000000000006900 00000000000000d8 t _hidCmdInAruidNoOut
00000000000069e0 00000000000000e4 t _hidCmdInU32AruidNoOut
0000000000006ad0 00000000000001a8 t _hidGetStates
0000000000006c80 0000000000000114 t _hidCreateAppletResource.constprop.0
0000000000006da0 00000000000000c8 t _hidCmdGetHandle.constprop.0
0000000000006e70 00000000000000dc T hidInitialize
0000000000006f50 0000000000000044 T hidExit
0000000000006fa0 000000000000000c T hidGetSharedmemAddr
0000000000006fb0 0000000000000094 T hidGetNpadStyleSet
0000000000007050 000000000000006c T hidInitializeNpad
00000000000070c0 00000000000000ac T hidGetNpadStatesFullKey
0000000000007170 00000000000000ac T hidGetNpadStatesHandheld
0000000000007220 00000000000000ac T hidGetNpadStatesJoyDual
00000000000072d0 00000000000000ac T hidGetNpadStatesJoyLeft
0000000000007380 00000000000000ac T hidGetNpadStatesJoyRight
0000000000007430 0000000000000164 T hidGetNpadStatesGc
00000000000075a0 00000000000000b0 T hidGetNpadStatesSystemExt
0000000000007650 0000000000000008 T hidSetSupportedNpadStyleSet
0000000000007660 0000000000000100 T hidSetSupportedNpadIdType
0000000000007760 000000000000000c T nwindowGetDefault
0000000000007770 00000000000000b0 T __nx_win_init
0000000000007820 0000000000000034 T __nx_win_exit
0000000000007860 000000000000008c T framebufferMakeLinear
00000000000078f0 0000000000000080 T framebufferClose
0000000000007970 00000000000002b0 T framebufferCreate
0000000000007c20 0000000000000088 T framebufferBegin
0000000000007cb0 000000000000018c T framebufferEnd
0000000000007e40 0000000000000024 T nwindowIsValid
0000000000007e70 000000000000007c T nwindowClose
0000000000007ef0 00000000000000f4 T nwindowCreate
0000000000007ff0 0000000000000034 T nwindowCreateFromLayer
0000000000008030 0000000000000084 T nwindowSetDimensions
00000000000080c0 000000000000018c T nwindowConfigureBuffer
0000000000008250 00000000000001e0 T nwindowDequeueBuffer
0000000000008430 000000000000013c T nwindowQueueBuffer
0000000000008570 0000000000000094 T nwindowReleaseBuffers
0000000000008610 00000000000000a4 T __nx_dynamic
00000000000086c0 00000000000000d4 W __libnx_initheap
00000000000087a0 00000000000000ec W __appInit
0000000000008890 0000000000000044 W __appExit
00000000000088e0 000000000000002c W __libnx_init
0000000000008910 0000000000000020 W __libnx_exit
0000000000008930 0000000000000004 W __libnx_alloc
0000000000008940 0000000000000014 W __libnx_aligned_alloc
0000000000008960 0000000000000004 W __libnx_free
0000000000008970 000000000000001c T __syscall_exit
0000000000008990 0000000000000004 T __syscall_lock_acquire
00000000000089a0 0000000000000004 T __syscall_lock_release
00000000000089b0 0000000000000004 T __syscall_lock_acquire_recursive
00000000000089c0 0000000000000004 T __syscall_lock_release_recursive
00000000000089d0 0000000000000228 T __libnx_init_time
0000000000008c00 0000000000000084 T newlibSetup
0000000000008c90 00000000000002f8 W argvSetup
0000000000008f90 0000000000000014 t fsdev_link
0000000000008fb0 0000000000000014 t fsdev_dirreset
0000000000008fd0 0000000000000014 t fsdev_chmod
0000000000008ff0 0000000000000018 t error_cmp
0000000000009010 0000000000000020 t fsdev_dirclose
0000000000009030 000000000000001c t fsdev_close
0000000000009050 0000000000000080 t fsdev_converttimetoutc
00000000000090d0 00000000000000e0 t fsdevFindDevice.part.0
00000000000091b0 00000000000001c0 t fsdev_fixpath
0000000000009370 00000000000000a0 t _fsdevUnmountDeviceStruct.part.0
0000000000009410 0000000000000014 t fsdev_fchmod
0000000000009430 0000000000000108 t fsdev_diropen
0000000000009540 00000000000000fc t fsdev_statvfs
0000000000009640 000000000000007c t fsdev_fsync
00000000000096c0 00000000000000f4 t fsdev_fstat
00000000000097c0 0000000000000094 t fsdev_ftruncate
0000000000009860 00000000000001fc t fsdev_stat
0000000000009a60 000000000000014c t fsdev_rename
0000000000009bb0 0000000000000140 t fsdev_chdir
0000000000009cf0 00000000000000a4 t fsdev_mkdir
0000000000009da0 00000000000000a4 t fsdev_unlink
0000000000009e50 00000000000000a4 t fsdev_rmdir
0000000000009f00 0000000000000144 t fsdev_write_safe
000000000000a050 000000000000013c t fsdev_read_safe
000000000000a190 0000000000000100 t fsdev_read
000000000000a290 00000000000001b8 t fsdev_dirnext
000000000000a450 0000000000000124 t fsdev_write
000000000000a580 00000000000000ec t fsdev_seek
000000000000a670 0000000000000244 t fsdev_open
000000000000a8c0 0000000000000224 T fsdevMountDevice
000000000000aaf0 0000000000000040 T fsdevMountSdmc
000000000000ab30 00000000000000c0 T __libnx_init_cwd
000000000000abf0 0000000000000064 T fsdevUnmountAll
000000000000ac60 000000000000012c T decode_utf8
000000000000ad8c T armDCacheFlush
000000000000adbc t armDCacheFlush_L0
000000000000add8 W __libnx_exception_entry
000000000000ae64 t __libnx_exception_entry_start
000000000000af8c t __libnx_exception_entry_abort
000000000000af90 t __libnx_exception_entry_end
000000000000af98 T __libnx_exception_returnentry
000000000000afb0 T __aarch64_read_tp
000000000000afc0 0000000000000014 T shmemLoadRemote
000000000000afe0 0000000000000088 T shmemMap
000000000000b070 0000000000000034 T shmemUnmap
000000000000b0b0 0000000000000044 T shmemClose
000000000000b100 0000000000000064 T condvarWaitTimeout
000000000000b170 00000000000000b0 T __libnx_init_thread
000000000000b220 00000000000001dc t _viCleanup
000000000000b400 0000000000000100 t _viCmdGetSessionNoParams.constprop.0
000000000000b500 00000000000000fc t _viCmdGetSession.constprop.0
000000000000b600 000000000000028c T viInitialize
000000000000b890 0000000000000044 T viExit
000000000000b8e0 000000000000000c T viGetSession_IHOSBinderDriverRelay
000000000000b8f0 0000000000000110 T viOpenDisplay
000000000000ba00 00000000000000f4 T viCloseDisplay
000000000000bb00 00000000000000fc T viCloseLayer
000000000000bc00 0000000000000378 T viCreateLayer
000000000000bf80 00000000000000d8 T viSetLayerScalingMode
000000000000c060 00000000000000d0 t _nvSetClientPID
000000000000c130 00000000000000c8 t _nvCleanup
000000000000c200 00000000000000d8 t _nvCmdInitialize.constprop.0
000000000000c2e0 000000000000001c W __nx_nv_create_tmem
000000000000c300 0000000000000258 T nvInitialize
000000000000c560 0000000000000044 T nvExit
000000000000c5b0 00000000000000f4 T nvConvertError
000000000000c6b0 0000000000000118 T nvOpen
000000000000c7d0 00000000000002fc T nvIoctl
000000000000cad0 00000000000000d8 T nvClose
000000000000cbb0 0000000000000108 T nvQueryEvent
000000000000ccc0 00000000000000b4 t _fsCleanup
000000000000cd80 00000000000001a8 t _fsCmdNoIO
000000000000cf30 00000000000001d8 t _fsFsCmdWithInPath
000000000000d110 00000000000001f4 t _fsFsCmdWithTwoInPaths
000000000000d310 000000000000025c t _fsFsOpenCommon
000000000000d570 00000000000001ec t _fsFsCmdWithInPathAndOutU64
000000000000d760 00000000000000f4 t _fsObjectClose
000000000000d860 00000000000001f4 t _fsCmdGetSession.constprop.0
000000000000da60 00000000000002f8 T fsInitialize
000000000000dd60 0000000000000044 T fsExit
000000000000ddb0 0000000000000008 T fsOpenSdCardFileSystem
000000000000ddc0 00000000000001f0 T fsFsCreateFile
000000000000dfb0 0000000000000008 T fsFsDeleteFile
000000000000dfc0 0000000000000008 T fsFsCreateDirectory
000000000000dfd0 0000000000000008 T fsFsDeleteDirectory
000000000000dfe0 0000000000000008 T fsFsRenameFile
000000000000dff0 0000000000000008 T fsFsRenameDirectory
000000000000e000 00000000000001f0 T fsFsGetEntryType
000000000000e1f0 0000000000000008 T fsFsOpenFile
000000000000e200 0000000000000008 T fsFsOpenDirectory
000000000000e210 0000000000000008 T fsFsGetFreeSpace
000000000000e220 0000000000000008 T fsFsGetTotalSpace
000000000000e230 0000000000000230 T fsFsGetFileTimeStampRaw
000000000000e460 0000000000000004 T fsFsClose
000000000000e470 0000000000000218 T fsFileRead
000000000000e690 0000000000000200 T fsFileWrite
000000000000e890 0000000000000008 T fsFileFlush
000000000000e8a0 00000000000001b8 T fsFileSetSize
000000000000e8a0 00000000000001b8 t fsFileSetSize.localalias
000000000000ea60 00000000000001c4 T fsFileGetSize
000000000000ea60 00000000000001c4 t fsFileGetSize.localalias
000000000000ec30 0000000000000004 T fsFileClose
000000000000ec40 0000000000000004 T fsDirClose
000000000000ec50 00000000000001fc T fsDirRead
000000000000ee50 00000000000000d4 t _setsysGetFirmwareVersionImpl
000000000000ef30 0000000000000068 t _setsysCleanup
000000000000efa0 00000000000000a0 T setsysInitialize
000000000000f040 0000000000000044 T setsysExit
000000000000f090 0000000000000044 T setsysGetFirmwareVersion
000000000000f0e0 0000000000000228 t _timeCleanup
000000000000f310 0000000000000100 t _timeCmdGetSession.constprop.0
000000000000f410 00000000000000cc t _timeGetSharedMemoryNativeHandle.constprop.0
000000000000f4e0 00000000000000c4 t _timeCmdNoInOutU64.constprop.0.isra.0
000000000000f5b0 0000000000000110 t _timeReadClockFromSharedMem
000000000000f6c0 0000000000000238 T timeInitialize
000000000000f900 0000000000000044 T timeExit
000000000000f950 0000000000000038 T timeGetServiceSession_SystemClock
000000000000f990 0000000000000068 T timeGetCurrentTime
000000000000fa00 0000000000000110 T timeToCalendarTimeWithMyRule
000000000000fb10 0000000000000104 T timeToPosixTimeWithMyRule
000000000000fc20 000000000000007c t _nvFenceCleanup
000000000000fca0 0000000000000098 T nvFenceInit
000000000000fd40 0000000000000044 T nvFenceExit
000000000000fd90 0000000000000240 T nvFenceWait
000000000000ffd0 0000000000000074 T nvMultiFenceWait
0000000000010050 00000000000000b4 T nvMapInit
0000000000010110 000000000000006c T nvMapExit
0000000000010180 0000000000000080 T nvMapClose
0000000000010200 0000000000000154 T nvMapCreate
0000000000010360 0000000000000028 T nvioctlNvhostCtrl_EventSignal
0000000000010390 0000000000000044 T nvioctlNvhostCtrl_EventWait
00000000000103e0 0000000000000030 T nvioctlNvhostCtrl_EventWaitAsync
0000000000010410 0000000000000028 T nvioctlNvhostCtrl_EventRegister
0000000000010440 0000000000000028 T nvioctlNvhostCtrl_EventUnregister
0000000000010470 0000000000000040 T nvioctlNvmap_Create
00000000000104b0 0000000000000038 T nvioctlNvmap_Alloc
00000000000104f0 0000000000000034 T nvioctlNvmap_Free
0000000000010530 0000000000000040 T nvioctlNvmap_GetId
0000000000010570 00000000000000d8 T bqRequestBuffer
0000000000010650 0000000000000160 T bqDequeueBuffer
00000000000107b0 00000000000000dc T bqQueueBuffer
0000000000010890 0000000000000094 T bqCancelBuffer
0000000000010930 00000000000000e4 T bqConnect
0000000000010a20 000000000000009c T bqDisconnect
0000000000010ac0 000000000000017c T bqSetPreallocatedBuffer
0000000000010c40 000000000000001c T binderCreate
0000000000010c60 00000000000003d0 T binderTransactParcel
0000000000011030 00000000000000e8 T binderConvertErrorCode
0000000000011120 0000000000000124 T binderAdjustRefcount
0000000000011250 0000000000000098 T binderInitSession
00000000000112f0 0000000000000068 T binderClose
0000000000011360 0000000000000158 T binderGetNativeHandle
00000000000114c0 0000000000000030 T parcelCreate
00000000000114f0 000000000000019c T parcelTransact
0000000000011690 0000000000000088 T parcelWriteData
0000000000011720 0000000000000098 T parcelReadData
00000000000117c0 0000000000000020 T parcelWriteInt32
00000000000117e0 0000000000000020 T parcelWriteUInt32
0000000000011800 000000000000007c T parcelWriteString16
0000000000011880 0000000000000030 T parcelWriteInterfaceToken
00000000000118b0 0000000000000024 T parcelReadInt32
00000000000118e0 0000000000000068 T parcelReadFlattenedObject
0000000000011950 000000000000004c T parcelWriteFlattenedObject
00000000000119a0 00000000000000c4 T nxlinkSetup
0000000000011a70 0000000000000178 T sessionmgrCreate
0000000000011bf0 0000000000000084 T sessionmgrClose
0000000000011c80 00000000000000b4 T sessionmgrAttachClient
0000000000011d40 0000000000000070 T sessionmgrDetachClient
0000000000011db0 0000000000000084 T printf
0000000000011e40 000000000000003c T setenv
0000000000011e80 00000000000000d0 T _puts_r
0000000000011f50 0000000000000024 T puts
0000000000011f80 00000000000000b8 T bsearch
0000000000012040 0000000000000254 T _setenv_r
00000000000122a0 00000000000000bc T sscanf
0000000000012360 0000000000000050 T __sread
00000000000123b0 0000000000000008 T __seofread
00000000000123c0 000000000000006c T __swrite
0000000000012430 0000000000000050 T __sseek
0000000000012480 0000000000000008 T __sclose
0000000000012490 000000000000000c T __env_lock
00000000000124a0 000000000000000c T __env_unlock
00000000000124b0 000000000000002c T aligned_alloc
00000000000124e0 0000000000000250 T setvbuf
0000000000012730 0000000000000004 W __call_exitprocs
0000000000012740 0000000000000124 T _malloc_trim_r
0000000000012870 00000000000002d8 T _free_r
0000000000012b50 0000000000000024 T malloc
0000000000012b80 0000000000000024 T free
0000000000012ba4 0000000000000074 t get_arg
0000000000012c18 0000000000002fdc T __ssvfscanf_r
0000000000015c00 000000000000080c T _malloc_r
0000000000016410 00000000000000fc T _findenv_r
0000000000016510 000000000000000c T __malloc_lock
0000000000016520 000000000000000c T __malloc_unlock
000000000001652c 0000000000000804 t get_arg
0000000000016d30 0000000000003c28 T _vfprintf_r
000000000001a958 00000000000000d0 t __sbprintf
000000000001aa30 0000000000000200 T __sflush_r
000000000001ac30 00000000000000b8 T _fflush_r
000000000001acf0 000000000000002c T gmtime
000000000001ad20 0000000000000078 T strncat
000000000001ada0 00000000000004cc T __sfvwrite_r
000000000001b270 00000000000002a0 T gmtime_r
000000000001b510 00000000000000a0 T _fwalk_sglue
000000000001b5b0 0000000000000524 T _realloc_r
000000000001bae0 0000000000000090 T strncpy
000000000001bb70 000000000000001c t stdio_exit_handler
000000000001bb90 000000000000006c t cleanup_stdio
000000000001bc00 0000000000000140 t global_stdio_init.part.0
000000000001bd40 000000000000000c T __sfp_lock_acquire
000000000001bd50 000000000000000c T __sfp_lock_release
000000000001bd60 0000000000000054 T __sinit
000000000001bdc0 0000000000000054 t sulp
000000000001be20 0000000000001184 T _strtod_l
000000000001cfb0 0000000000000050 T _strtod_r
000000000001d000 000000000000018c t _strtol_l.part.0
000000000001d190 0000000000000070 T _strtol_r
000000000001d200 000000000000002c T realloc
000000000001d22c 00000000000000d8 T memchr
000000000001d310 00000000000001a8 t _strtoul_l.isra.0
000000000001d4c0 0000000000000044 T _strtoul_r
000000000001d510 0000000000000048 T strtoul
000000000001d580 00000000000001dc T memset
000000000001d760 000000000000002c T __locale_mb_cur_max
000000000001d790 0000000000000008 T __localeconv_l
000000000001d7a0 0000000000000028 T _localeconv_r
000000000001d800 000000000000016c T memcpy
000000000001d970 0000000000000010 T __getreent
000000000001d980 00000000000000e4 T strcmp
000000000001da70 00000000000000e4 T __utf8_wctomb
000000000001db80 00000000000000ac T memmove
000000000001dc64 00000000000000e0 T strnlen
000000000001dd40 00000000000001b8 T strcpy
000000000001def8 00000000000000dc T strchr
000000000001e000 0000000000000140 T strlen
000000000001e140 00000000000000a4 T stpncpy
000000000001e21c 00000000000001b8 T strncmp
000000000001e3e0 0000000000000094 T __libc_init_array
000000000001e480 0000000000000044 T __libc_fini_array
000000000001e4d0 0000000000000014 T __errno
000000000001e4f0 000000000000000c T nan
000000000001e500 000000000000000c T nanf
000000000001e510 0000000000000078 T frexp
000000000001e590 000000000000018c t _strtoll_l.isra.0
000000000001e720 0000000000000044 T _strtoll_r
000000000001e770 00000000000001a8 t _strtoull_l.isra.0
000000000001e920 0000000000000044 T _strtoull_r
000000000001e970 0000000000000008 T iswspace
000000000001e980 00000000000000f0 T _mbrtowc_r
000000000001ea70 0000000000000094 T __swhatbuf_r
000000000001eb10 0000000000000104 T __smakebuf_r
000000000001ec20 00000000000000d8 T _wcrtomb_r
000000000001ed00 0000000000000048 T iswspace_l
000000000001ed50 0000000000000010 T _wcsrtombs_r
000000000001ed60 0000000000000180 T _memalign_r
000000000001eee0 00000000000000a8 T sprintf
000000000001ef90 00000000000000d4 T __sccl
000000000001f070 0000000000000084 T category
000000000001f0f4 0000000000000804 t get_arg
000000000001f8f8 0000000000000038 T __sprint_r
000000000001f930 0000000000002984 T _vfiprintf_r
00000000000222b4 00000000000000d0 t __sbprintf
0000000000022384 00000000000001bc T __ssprint_r
0000000000022540 00000000000000f0 T _sungetc_r
0000000000022630 0000000000000070 T __ssrefill_r
00000000000226a0 00000000000000e0 T _sfread_r
0000000000022780 000000000000012c T __swsetup_r
00000000000228b0 0000000000000118 t rshift
00000000000229d0 0000000000000814 T __gethex
00000000000231f0 00000000000001a4 t quorem
00000000000233a0 0000000000001198 T _dtoa_r
0000000000024540 0000000000000138 T _fclose_r
0000000000024678 0000000000000804 t get_arg
0000000000024e7c 0000000000003bac T _svfprintf_r
0000000000028a30 0000000000000048 T __match
0000000000028a80 0000000000000258 T __hexnan
0000000000028ce0 000000000000008c T _Balloc
0000000000028d70 000000000000001c T _Bfree
0000000000028d90 0000000000000108 T __multadd
0000000000028ea0 0000000000000130 T __s2b
0000000000028fd0 0000000000000080 T __hi0bits
0000000000029050 000000000000009c T __lo0bits
00000000000290f0 000000000000004c T __i2b
0000000000029140 00000000000001e4 T __multiply
0000000000029330 0000000000000100 T __pow5mult
0000000000029430 0000000000000170 T __lshift
00000000000295a0 0000000000000050 T __mcmp
00000000000295f0 00000000000001cc T __mdiff
00000000000297c0 0000000000000084 T __ulp
0000000000029850 0000000000000168 T __b2d
00000000000299c0 000000000000015c T __d2b
0000000000029b20 00000000000000ac T __ratio
0000000000029bd0 0000000000000068 T __copybits
0000000000029c40 000000000000006c T __any_on
0000000000029cb0 00000000000002b8 T __utf8_mbtowc
0000000000029f70 00000000000001ac T _wcsnrtombs_l
000000000002a120 0000000000000074 T _wcsnrtombs_r
000000000002a1a0 00000000000000b8 T __submore
000000000002a260 00000000000000c0 T _calloc_r
000000000002a320 0000000000000064 T __assert_func
000000000002a390 0000000000000084 T fiprintf
000000000002a420 0000000000000018 T abort
000000000002a440 00000000000000a4 T _raise_r
000000000002a4f0 0000000000000024 T raise
000000000002a520 0000000000000020 T _exit
000000000002a540 0000000000000170 T chdir
000000000002a6b0 000000000000021c T _concatenate_path
000000000002a8d0 0000000000000084 T _fstat_r
000000000002a960 0000000000000014 T _getpid_r
000000000002a980 0000000000000050 T __get_handle
000000000002a9d0 00000000000000f0 T _close_r
000000000002aac0 0000000000000008 t null_write
000000000002aad0 0000000000000018 T setDefaultDevice
000000000002aaf0 0000000000000114 T FindDevice
000000000002ac10 0000000000000034 T RemoveDevice
000000000002ac50 00000000000000c8 T AddDevice
000000000002ad20 0000000000000034 T GetDeviceOpTab
000000000002ad60 0000000000000008 T _isatty_r
000000000002ad70 0000000000000014 T _kill_r
000000000002ad90 0000000000000098 T _lseek_r
000000000002ae30 00000000000000a4 T _read_r
000000000002aee0 0000000000000078 W _sbrk_r
000000000002af60 0000000000000014 T __libc_lock_acquire
000000000002af80 0000000000000014 T __libc_lock_release
000000000002afa0 0000000000000014 T __libc_lock_acquire_recursive
000000000002afc0 0000000000000014 T __libc_lock_release_recursive
000000000002afe0 00000000000000a4 T _write_r
000000000002b090 0000000000000158 t __extenddftf2
000000000002b1f0 00000000000003c4 t __trunctfdf2
000000000002b5c0 0000000000000070 t __sfp_handle_exceptions
000000000002b630 0000000000000100 T strrchr
000000000002b730 T _init
000000000002b768 T _fini
000000000002c000 R __rodata_start
000000000002c480 0000000000000014 r CSWTCH.529
000000000002c5f0 0000000000000018 r grayScale
000000000002c608 0000000000000006 r colorCube
000000000002c610 0000000000000030 r colorTable
000000000002c640 R default_font_bin
000000000002e640 R default_font_bin_end
000000000002e650 0000000000000038 r g_nvColorFmtTable
000000000002e6c0 0000000000000020 r error_table
000000000002e720 0000000000000023 r g_bq_InterfaceDescriptor
000000000002e7a0 0000000000000101 R _ctype_
000000000002e9b0 0000000000000022 r basefix.0
000000000002eb30 0000000000000010 r zeroes.0
000000000002eb40 0000000000000010 r blanks.1
000000000002eb70 0000000000000014 r fpinan.0
000000000002eb88 0000000000000014 r fpi.1
000000000002eba0 0000000000000028 r tinytens
000000000002ec38 0000000000003528 r categories
0000000000032260 0000000000000010 r zeroes.0
0000000000032270 0000000000000010 r blanks.1
0000000000032280 000000000000006c R __action_table
00000000000322f0 000000000000006c R __state_table
0000000000032360 0000000000000100 R __chclass
00000000000324c0 0000000000000100 R __hexdig
0000000000032730 0000000000000010 r zeroes.0
0000000000032740 0000000000000010 r blanks.1
0000000000032790 000000000000000c r p05.0
00000000000327a0 0000000000000028 R __mprec_bigtens
00000000000327c8 00000000000000c8 R __mprec_tens
00000000000328d0 r __EH_FRAME_BEGIN__
00000000000328d0 R __eh_frame_hdr_end
00000000000328d0 R __eh_frame_hdr_start
0000000000038304 r __FRAME_END__
0000000000038308 a _DYNAMIC
000000000003b000 R __data_start
000000000003b000 t __frame_dummy_init_array_entry
000000000003b000 T __init_array_start
000000000003b000 B __preinit_array_end
000000000003b000 B __preinit_array_start
000000000003b000 D __tdata_lma
000000000003b000 D __tdata_lma_end
000000000003b008 t __do_global_dtors_aux_fini_array_entry
000000000003b008 T __fini_array_start
000000000003b008 T __init_array_end
000000000003b010 T __fini_array_end
000000000003b010 T __got_start__
000000000003b010 a _GLOBAL_OFFSET_TABLE_
000000000003b290 D __got_end__
000000000003b290 0000000000000008 V __nx_applet_init_timeout
000000000003b298 0000000000000001 V __nx_applet_auto_notifyrunning
000000000003b29c 0000000000000004 V __nx_applet_type
000000000003b2a0 0000000000000100 d dotab_stdout
000000000003b3a0 0000000000000008 d currentConsole
000000000003b3a8 0000000000000050 d defaultConsole
000000000003b3f8 0000000000000088 d s_consoleSwRenderer
000000000003b480 0000000000000008 V __nx_exception_stack_size
000000000003b488 0000000000000001 V __nx_fsdev_support_cwd
000000000003b48c 0000000000000004 V __nx_fsdev_direntry_cache_size
000000000003b490 0000000000000100 d fsdev_devoptab
000000000003b590 0000000000000004 d g_viServiceType
000000000003b594 0000000000000004 V __nx_vi_stray_layer_flags
000000000003b598 0000000000000004 V __nx_nv_transfermem_size
000000000003b59c 0000000000000004 V __nx_fs_num_sessions
000000000003b5a0 0000000000000004 d g_ctrl_fd
000000000003b5a4 0000000000000004 d g_nvmap_fd
000000000003b5a8 0000000000000008 D environ
000000000003b5b0 0000000000000008 D __malloc_sbrk_base
000000000003b5b8 0000000000000008 D __malloc_trim_threshold
000000000003b5c0 0000000000000810 D __malloc_av_
000000000003bdd0 0000000000000018 D __sglue
000000000003bde8 00000000000001a8 D __global_locale
000000000003bf90 0000000000000008 D _impure_ptr
000000000003bf98 0000000000000160 D _impure_data
000000000003c100 0000000000000400 d _current_working_directory
000000000003c500 0000000000002000 d handles
000000000003e500 0000000000000010 d __stderr_handle
000000000003e510 0000000000000010 d __stdout_handle
000000000003e520 0000000000000010 d __stdin_handle
000000000003e530 0000000000000118 D devoptab_list
000000000003e648 0000000000000100 D dotab_stdnull
000000000003e748 0000000000000004 d defaultDevice
000000000003e74c D __bss_start__
000000000003e750 b completed.1
000000000003e758 b object.0
000000000003e788 0000000000000008 b g_appletGuard
000000000003e790 0000000000000001 b g_appletInfoInitialized
000000000003e798 0000000000000050 b g_appletInfo
000000000003e7e8 0000000000000004 b g_appletCpuBoostMode
000000000003e7f0 000000000000000c b g_appletLibraryAppletLaunchableEvent
000000000003e7fc 0000000000000001 b g_appletSuspendedTickInitialized
000000000003e800 0000000000000008 b g_appletSuspendedTick
000000000003e808 0000000000000008 b g_appletInitTickBase
000000000003e810 000000000000000c b g_appletSuspendedTickEvent
000000000003e81c 0000000000000001 b g_appletCopyrightInitialized
000000000003e820 0000000000000028 b g_appletCopyrightTmem
000000000003e848 0000000000000004 b g_appletRecordingInitialized
000000000003e850 0000000000000028 b g_appletRecordingTmem
000000000003e878 0000000000000018 b g_appletFirstHook
000000000003e890 0000000000000001 b g_appletNotifiedRunning
000000000003e891 0000000000000001 b g_appletFocusState
000000000003e894 0000000000000004 b g_appletPerformanceMode
000000000003e898 0000000000000001 b g_appletOperationMode
000000000003e8a0 0000000000000008 b g_appletResourceUserId
000000000003e8a8 000000000000000c b g_appletMessageEvent
000000000003e8b8 0000000000000010 b g_appletIDebugFunctions
000000000003e8c8 0000000000000010 b g_appletIDisplayController
000000000003e8d8 0000000000000010 b g_appletIAudioController
000000000003e8e8 0000000000000010 b g_appletIWindowController
000000000003e8f8 0000000000000010 b g_appletISelfController
000000000003e908 0000000000000010 b g_appletICommonStateGetter
000000000003e918 0000000000000010 b g_appletILibraryAppletCreator
000000000003e928 0000000000000010 b g_appletIProcessWindingController
000000000003e938 0000000000000010 b g_appletILibraryAppletSelfAccessor
000000000003e948 0000000000000010 b g_appletIApplicationCreator
000000000003e958 0000000000000010 b g_appletIGlobalStateController
000000000003e968 0000000000000010 b g_appletIFunctions
000000000003e978 0000000000000010 b g_appletIAppletCommonFunctions
000000000003e988 0000000000000004 b g_appletExitProcessResult
000000000003e98c 0000000000000001 b g_appletExitProcessFlag
000000000003e98d 0000000000000001 b g_appletLeftInitialized
000000000003e990 0000000000000010 b g_appletProxySession
000000000003e9a0 0000000000000010 b g_appletSrv
000000000003e9b0 0000000000000004 V __nx_applet_exit_mode
000000000003e9b8 0000000000000008 V __nx_applet_PerformanceConfiguration
000000000003e9c0 0000000000000080 V __nx_applet_AppletAttribute
000000000003ea40 0000000000000004 b g_hosVersion
000000000003ea48 0000000000000008 b g_userIdStorage
000000000003ea50 0000000000000010 b g_randomSeed
000000000003ea60 0000000000000001 b g_hasRandomSeed
000000000003ea64 0000000000000004 b g_lastLoadResult
000000000003ea68 0000000000000008 b g_nextLoadArgv
000000000003ea70 0000000000000008 b g_nextLoadPath
000000000003ea78 0000000000000004 b g_processHandle
000000000003ea80 0000000000000018 b g_syscallHints
000000000003ea98 0000000000000008 b g_overrideArgv
000000000003eaa0 0000000000000008 b g_overrideHeapSize
000000000003eaa8 0000000000000008 b g_overrideHeapAddr
000000000003eab0 0000000000000008 b g_loaderRetAddr
000000000003eab8 0000000000000004 b g_mainThreadHandle
000000000003eac0 0000000000000008 b g_loaderInfoSize
000000000003eac8 0000000000000008 b g_loaderInfo
000000000003ead0 0000000000000001 b g_isNso
000000000003ead1 0000000000000001 b didFirstConsoleInit.0
000000000003ead8 0000000000000050 b currentCopy
000000000003eb28 B __stack_top
000000000003eb30 0000000000000001 b g_IsLegacyKernel
000000000003eb38 0000000000000008 b g_Reservations
000000000003eb40 0000000000000010 b g_StackRegion
000000000003eb50 0000000000000010 b g_AslrRegion
000000000003eb60 0000000000000010 b g_HeapRegion
000000000003eb70 0000000000000010 b g_AliasRegion
000000000003eb80 0000000000000004 b g_VirtmemMutex
000000000003eb84 0000000000000004 b g_randMutex
000000000003eb88 0000000000000001 b g_randInit
000000000003eb90 0000000000000040 b g_chacha
000000000003ebd0 0000000000000008 b g_apmGuard
000000000003ebd8 0000000000000010 b g_apmISession
000000000003ebe8 0000000000000010 b g_apmSrv
000000000003ebf8 0000000000000008 b g_smGuard
000000000003ec00 0000000000000008 b g_smOverridesNum
000000000003ec08 0000000000000180 b g_smOverrides
000000000003ed88 0000000000000010 b g_smSrv
000000000003ed98 0000000000000008 b g_hidGuard
000000000003eda0 0000000000000008 b g_sevenSixAxisSensorBuffer
000000000003eda8 0000000000000020 b g_hidSharedmem
000000000003edc8 0000000000000010 b g_hidIActiveVibrationDeviceList
000000000003edd8 0000000000000010 b g_hidIAppletResource
000000000003ede8 0000000000000010 b g_hidSrv
000000000003edf8 0000000000000080 b g_defaultWin
000000000003ee78 0000000000000010 b g_viLayer
000000000003ee88 0000000000000050 b g_viDisplay
000000000003eee0 0000000000000340 B __nx_exceptiondump
000000000003f220 0000000000000004 V __nx_exception_ignoredebug
000000000003f230 0000000000000400 V __nx_exception_stack
000000000003f630 0000000000000008 V __nx_heap_size
000000000003f638 0000000000000008 b __bootticks
000000000003f640 0000000000000008 b __boottime
000000000003f648 0000000000000004 V __nx_time_type
000000000003f650 0000000000000008 b g_argv_empty
000000000003f658 0000000000000008 B __system_argv
000000000003f660 0000000000000004 B __system_argc
000000000003f668 0000000000002800 b fsdev_fsdevices
0000000000041e68 0000000000000004 b fsdev_fsdevice_cwd
0000000000041e6c 0000000000000001 b fsdev_initialised
0000000000041e70 0000000000000038 b g_mainThread
0000000000041ea8 0000000000000008 b g_threadList
0000000000041eb0 0000000000000004 b g_threadMutex
0000000000041eb8 0000000000000008 b g_viGuard
0000000000041ec0 0000000000000010 b g_viIHOSBinderDriverIndirect
0000000000041ed0 0000000000000010 b g_viIManagerDisplayService
0000000000041ee0 0000000000000010 b g_viISystemDisplayService
0000000000041ef0 0000000000000010 b g_viIHOSBinderDriverRelay
0000000000041f00 0000000000000010 b g_viIApplicationDisplayService
0000000000041f10 0000000000000010 b g_viRootService
0000000000041f20 0000000000000008 V __nx_vi_layer_id
0000000000041f28 0000000000000008 b g_nvGuard
0000000000041f30 0000000000000028 b g_nvTransfermem
0000000000041f58 0000000000000010 b g_nvSrvClone
0000000000041f68 0000000000000010 b g_nvSrv
0000000000041f78 0000000000000008 b g_fsGuard
0000000000041f80 0000000000000054 b g_fsSessionMgr
0000000000041fd8 0000000000000010 b g_fsSrv
0000000000041fe8 0000000000000008 b g_setsysGuard
0000000000041ff0 0000000000000010 b g_setsysSrv
0000000000042000 0000000000000008 b g_timeGuard
0000000000042008 0000000000000020 b g_timeSharedmem
0000000000042028 0000000000000010 b g_timeLocalSystemClock
0000000000042038 0000000000000010 b g_timeTimeZoneService
0000000000042048 0000000000000010 b g_timeSteadyClock
0000000000042058 0000000000000010 b g_timeNetworkSystemClock
0000000000042068 0000000000000010 b g_timeUserSystemClock
0000000000042078 0000000000000010 b g_timeSrv
0000000000042088 0000000000000004 V __nx_time_service_type
0000000000042090 0000000000000008 b g_nvFenceGuard
0000000000042098 0000000000000300 b g_NvEvents
0000000000042398 0000000000000008 b g_NvEventUsedMask
00000000000423a0 0000000000000008 b g_nvMapGuard
00000000000423a8 0000000000000004 B __nxlink_host
00000000000423ac 0000000000000004 b alloced.0
00000000000423b0 0000000000000008 b initial_env
00000000000423b8 000000000000000c b __env_recursive_mutex
00000000000423c8 0000000000000028 B __malloc_current_mallinfo
00000000000423f0 0000000000000008 B __malloc_max_total_mem
00000000000423f8 0000000000000008 B __malloc_max_sbrked_mem
0000000000042400 0000000000000008 B __malloc_top_pad
0000000000042408 000000000000000c b __malloc_recursive_mutex
0000000000042418 000000000000000c b __sfp_recursive_mutex
0000000000042428 0000000000000228 B __sf
0000000000042650 0000000000000008 B __stdio_exit_handler
0000000000042660 0000000000000400 b temp_cwd
0000000000042a60 0000000000000004 b __hndl_lock
0000000000042a68 0000000000000008 B fake_heap_start
0000000000042a70 0000000000000008 B fake_heap_end
0000000000042a78 0000000000000008 b heap_start.0
0000000000042a80 B __tls_start
0000000000042e90 B __bss_end__
0000000000042e90 A __end__
0000000000042e90 B __tls_end
0000000000043000 A __argdata__
